<?xml version="1.0" encoding="UTF-8"?>
<!-- Generated by org.testng.reporters.JUnitReportReporter -->
<testsuite hostname="LAPTOP-G0BF4AFQ" failures="0" tests="5" name="testCases.TC_VideoGameAPI" time="7.275" errors="0" timestamp="2023-03-16T21:07:05 IST" skipped="0">
  <testcase classname="testCases.TC_VideoGameAPI" name="test_AllVideoGames" time="2.804"/>
  <system-out/>
  <testcase classname="testCases.TC_VideoGameAPI" name="test_NewVideoGame" time="0.646"/>
  <system-out/>
  <testcase classname="testCases.TC_VideoGameAPI" name="test_getVideoGame" time="0.692"/>
  <system-out/>
  <testcase classname="testCases.TC_VideoGameAPI" name="test_UpdateVideoGame" time="0.097"/>
  <system-out/>
  <testcase classname="testCases.TC_VideoGameAPI" name="test_DeleteVideoGame" time="3.036"/>
  <system-out/>
</testsuite> <!-- testCases.TC_VideoGameAPI -->
